{"C:\\Projetos\\azure_boards_extensoes\\be-apontamento-horas\\be-apontamento-func\\server.js": {"path":"C:\\Projetos\\azure_boards_extensoes\\be-apontamento-horas\\be-apontamento-func\\server.js","statementMap":{"0":{"start":{"line":1,"column":16},"end":{"line":1,"column":34}},"1":{"start":{"line":2,"column":23},"end":{"line":2,"column":63}},"2":{"start":{"line":3,"column":19},"end":{"line":3,"column":63}},"3":{"start":{"line":4,"column":28},"end":{"line":4,"column":70}},"4":{"start":{"line":6,"column":12},"end":{"line":6,"column":21}},"5":{"start":{"line":7,"column":0},"end":{"line":7,"column":24}},"6":{"start":{"line":9,"column":0},"end":{"line":20,"column":3}},"7":{"start":{"line":10,"column":18},"end":{"line":10,"column":43}},"8":{"start":{"line":11,"column":2},"end":{"line":11,"column":54}},"9":{"start":{"line":12,"column":2},"end":{"line":12,"column":53}},"10":{"start":{"line":12,"column":28},"end":{"line":12,"column":53}},"11":{"start":{"line":13,"column":2},"end":{"line":15,"column":3}},"12":{"start":{"line":14,"column":4},"end":{"line":14,"column":61}},"13":{"start":{"line":16,"column":2},"end":{"line":19,"column":28}},"14":{"start":{"line":22,"column":0},"end":{"line":33,"column":3}},"15":{"start":{"line":23,"column":18},"end":{"line":23,"column":43}},"16":{"start":{"line":24,"column":2},"end":{"line":24,"column":48}},"17":{"start":{"line":25,"column":2},"end":{"line":25,"column":53}},"18":{"start":{"line":25,"column":28},"end":{"line":25,"column":53}},"19":{"start":{"line":26,"column":2},"end":{"line":28,"column":3}},"20":{"start":{"line":27,"column":4},"end":{"line":27,"column":61}},"21":{"start":{"line":29,"column":2},"end":{"line":32,"column":28}},"22":{"start":{"line":35,"column":0},"end":{"line":46,"column":3}},"23":{"start":{"line":36,"column":18},"end":{"line":36,"column":43}},"24":{"start":{"line":37,"column":2},"end":{"line":37,"column":59}},"25":{"start":{"line":38,"column":2},"end":{"line":38,"column":53}},"26":{"start":{"line":38,"column":28},"end":{"line":38,"column":53}},"27":{"start":{"line":39,"column":2},"end":{"line":41,"column":3}},"28":{"start":{"line":40,"column":4},"end":{"line":40,"column":61}},"29":{"start":{"line":42,"column":2},"end":{"line":45,"column":28}},"30":{"start":{"line":48,"column":0},"end":{"line":48,"column":25}}},"fnMap":{"0":{"name":"(anonymous_0)","decl":{"start":{"line":9,"column":38},"end":{"line":9,"column":39}},"loc":{"start":{"line":9,"column":58},"end":{"line":20,"column":1}},"line":9},"1":{"name":"(anonymous_1)","decl":{"start":{"line":22,"column":43},"end":{"line":22,"column":44}},"loc":{"start":{"line":22,"column":63},"end":{"line":33,"column":1}},"line":22},"2":{"name":"(anonymous_2)","decl":{"start":{"line":35,"column":40},"end":{"line":35,"column":41}},"loc":{"start":{"line":35,"column":60},"end":{"line":46,"column":1}},"line":35}},"branchMap":{"0":{"loc":{"start":{"line":12,"column":2},"end":{"line":12,"column":53}},"type":"if","locations":[{"start":{"line":12,"column":2},"end":{"line":12,"column":53}},{"start":{},"end":{}}],"line":12},"1":{"loc":{"start":{"line":13,"column":2},"end":{"line":15,"column":3}},"type":"if","locations":[{"start":{"line":13,"column":2},"end":{"line":15,"column":3}},{"start":{},"end":{}}],"line":13},"2":{"loc":{"start":{"line":17,"column":12},"end":{"line":17,"column":37}},"type":"binary-expr","locations":[{"start":{"line":17,"column":12},"end":{"line":17,"column":30}},{"start":{"line":17,"column":34},"end":{"line":17,"column":37}}],"line":17},"3":{"loc":{"start":{"line":25,"column":2},"end":{"line":25,"column":53}},"type":"if","locations":[{"start":{"line":25,"column":2},"end":{"line":25,"column":53}},{"start":{},"end":{}}],"line":25},"4":{"loc":{"start":{"line":26,"column":2},"end":{"line":28,"column":3}},"type":"if","locations":[{"start":{"line":26,"column":2},"end":{"line":28,"column":3}},{"start":{},"end":{}}],"line":26},"5":{"loc":{"start":{"line":30,"column":12},"end":{"line":30,"column":37}},"type":"binary-expr","locations":[{"start":{"line":30,"column":12},"end":{"line":30,"column":30}},{"start":{"line":30,"column":34},"end":{"line":30,"column":37}}],"line":30},"6":{"loc":{"start":{"line":38,"column":2},"end":{"line":38,"column":53}},"type":"if","locations":[{"start":{"line":38,"column":2},"end":{"line":38,"column":53}},{"start":{},"end":{}}],"line":38},"7":{"loc":{"start":{"line":39,"column":2},"end":{"line":41,"column":3}},"type":"if","locations":[{"start":{"line":39,"column":2},"end":{"line":41,"column":3}},{"start":{},"end":{}}],"line":39},"8":{"loc":{"start":{"line":43,"column":12},"end":{"line":43,"column":37}},"type":"binary-expr","locations":[{"start":{"line":43,"column":12},"end":{"line":43,"column":30}},{"start":{"line":43,"column":34},"end":{"line":43,"column":37}}],"line":43}},"s":{"0":3,"1":3,"2":3,"3":3,"4":3,"5":3,"6":3,"7":1,"8":1,"9":1,"10":0,"11":1,"12":0,"13":1,"14":3,"15":1,"16":1,"17":1,"18":0,"19":1,"20":0,"21":1,"22":3,"23":1,"24":1,"25":1,"26":0,"27":1,"28":0,"29":1,"30":3},"f":{"0":1,"1":1,"2":1},"b":{"0":[0,1],"1":[0,1],"2":[1,0],"3":[0,1],"4":[0,1],"5":[1,0],"6":[0,1],"7":[0,1],"8":[1,0]},"_coverageSchema":"1a1c01bbd47fc00a2c39e90264f33305004495a9","hash":"fe9904c9167f8e4ba025392fea3a9d0c29cc4197"}
,"C:\\Projetos\\azure_boards_extensoes\\be-apontamento-horas\\be-apontamento-func\\AprovarApontamentoFunction\\index.js": {"path":"C:\\Projetos\\azure_boards_extensoes\\be-apontamento-horas\\be-apontamento-func\\AprovarApontamentoFunction\\index.js","statementMap":{"0":{"start":{"line":1,"column":13},"end":{"line":1,"column":36}},"1":{"start":{"line":3,"column":0},"end":{"line":71,"column":2}},"2":{"start":{"line":4,"column":24},"end":{"line":4,"column":46}},"3":{"start":{"line":5,"column":22},"end":{"line":5,"column":42}},"4":{"start":{"line":6,"column":21},"end":{"line":6,"column":46}},"5":{"start":{"line":8,"column":2},"end":{"line":14,"column":3}},"6":{"start":{"line":9,"column":4},"end":{"line":12,"column":6}},"7":{"start":{"line":13,"column":4},"end":{"line":13,"column":11}},"8":{"start":{"line":16,"column":17},"end":{"line":16,"column":37}},"9":{"start":{"line":18,"column":2},"end":{"line":70,"column":3}},"10":{"start":{"line":19,"column":4},"end":{"line":19,"column":32}},"11":{"start":{"line":21,"column":19},"end":{"line":24,"column":5}},"12":{"start":{"line":26,"column":4},"end":{"line":28,"column":5}},"13":{"start":{"line":27,"column":6},"end":{"line":27,"column":52}},"14":{"start":{"line":30,"column":4},"end":{"line":32,"column":5}},"15":{"start":{"line":31,"column":6},"end":{"line":31,"column":51}},"16":{"start":{"line":34,"column":4},"end":{"line":39,"column":6}},"17":{"start":{"line":41,"column":4},"end":{"line":46,"column":6}},"18":{"start":{"line":48,"column":4},"end":{"line":53,"column":6}},"19":{"start":{"line":55,"column":4},"end":{"line":55,"column":33}},"20":{"start":{"line":57,"column":4},"end":{"line":60,"column":6}},"21":{"start":{"line":62,"column":4},"end":{"line":62,"column":35}},"22":{"start":{"line":63,"column":4},"end":{"line":63,"column":67}},"23":{"start":{"line":64,"column":4},"end":{"line":67,"column":6}},"24":{"start":{"line":69,"column":4},"end":{"line":69,"column":21}}},"fnMap":{"0":{"name":"(anonymous_0)","decl":{"start":{"line":3,"column":17},"end":{"line":3,"column":18}},"loc":{"start":{"line":3,"column":47},"end":{"line":71,"column":1}},"line":3}},"branchMap":{"0":{"loc":{"start":{"line":6,"column":21},"end":{"line":6,"column":46}},"type":"binary-expr","locations":[{"start":{"line":6,"column":21},"end":{"line":6,"column":40}},{"start":{"line":6,"column":44},"end":{"line":6,"column":46}}],"line":6},"1":{"loc":{"start":{"line":8,"column":2},"end":{"line":14,"column":3}},"type":"if","locations":[{"start":{"line":8,"column":2},"end":{"line":14,"column":3}},{"start":{},"end":{}}],"line":8},"2":{"loc":{"start":{"line":8,"column":6},"end":{"line":8,"column":36}},"type":"binary-expr","locations":[{"start":{"line":8,"column":6},"end":{"line":8,"column":20}},{"start":{"line":8,"column":24},"end":{"line":8,"column":36}}],"line":8},"3":{"loc":{"start":{"line":26,"column":4},"end":{"line":28,"column":5}},"type":"if","locations":[{"start":{"line":26,"column":4},"end":{"line":28,"column":5}},{"start":{},"end":{}}],"line":26},"4":{"loc":{"start":{"line":30,"column":4},"end":{"line":32,"column":5}},"type":"if","locations":[{"start":{"line":30,"column":4},"end":{"line":32,"column":5}},{"start":{},"end":{}}],"line":30}},"s":{"0":1,"1":1,"2":2,"3":2,"4":2,"5":2,"6":1,"7":1,"8":1,"9":1,"10":1,"11":1,"12":1,"13":1,"14":0,"15":0,"16":0,"17":0,"18":0,"19":0,"20":0,"21":1,"22":1,"23":1,"24":1},"f":{"0":2},"b":{"0":[2,2],"1":[1,1],"2":[2,1],"3":[1,0],"4":[0,0]},"_coverageSchema":"1a1c01bbd47fc00a2c39e90264f33305004495a9","hash":"f020c92d59f61f956b1cc5f39e8c6a29b7c596d6"}
,"C:\\Projetos\\azure_boards_extensoes\\be-apontamento-horas\\be-apontamento-func\\GetApontamentosFunction\\index.js": {"path":"C:\\Projetos\\azure_boards_extensoes\\be-apontamento-horas\\be-apontamento-func\\GetApontamentosFunction\\index.js","statementMap":{"0":{"start":{"line":1,"column":13},"end":{"line":1,"column":36}},"1":{"start":{"line":3,"column":0},"end":{"line":42,"column":2}},"2":{"start":{"line":4,"column":21},"end":{"line":4,"column":41}},"3":{"start":{"line":6,"column":2},"end":{"line":12,"column":3}},"4":{"start":{"line":7,"column":4},"end":{"line":10,"column":6}},"5":{"start":{"line":11,"column":4},"end":{"line":11,"column":11}},"6":{"start":{"line":14,"column":2},"end":{"line":41,"column":3}},"7":{"start":{"line":15,"column":18},"end":{"line":26,"column":5}},"8":{"start":{"line":28,"column":19},"end":{"line":28,"column":56}},"9":{"start":{"line":30,"column":4},"end":{"line":34,"column":6}},"10":{"start":{"line":36,"column":4},"end":{"line":36,"column":61}},"11":{"start":{"line":37,"column":4},"end":{"line":40,"column":6}}},"fnMap":{"0":{"name":"(anonymous_0)","decl":{"start":{"line":3,"column":17},"end":{"line":3,"column":18}},"loc":{"start":{"line":3,"column":47},"end":{"line":42,"column":1}},"line":3}},"branchMap":{"0":{"loc":{"start":{"line":6,"column":2},"end":{"line":12,"column":3}},"type":"if","locations":[{"start":{"line":6,"column":2},"end":{"line":12,"column":3}},{"start":{},"end":{}}],"line":6}},"s":{"0":3,"1":3,"2":1,"3":1,"4":0,"5":0,"6":1,"7":1,"8":1,"9":1,"10":0,"11":0},"f":{"0":1},"b":{"0":[0,1]},"_coverageSchema":"1a1c01bbd47fc00a2c39e90264f33305004495a9","hash":"8a5faaeb700df41b5919601637d23063192364b0"}
,"C:\\Projetos\\azure_boards_extensoes\\be-apontamento-horas\\be-apontamento-func\\GetAtividadesFunction\\index.js": {"path":"C:\\Projetos\\azure_boards_extensoes\\be-apontamento-horas\\be-apontamento-func\\GetAtividadesFunction\\index.js","statementMap":{"0":{"start":{"line":1,"column":13},"end":{"line":1,"column":36}},"1":{"start":{"line":3,"column":0},"end":{"line":25,"column":2}},"2":{"start":{"line":4,"column":2},"end":{"line":24,"column":3}},"3":{"start":{"line":5,"column":18},"end":{"line":9,"column":5}},"4":{"start":{"line":11,"column":19},"end":{"line":11,"column":42}},"5":{"start":{"line":13,"column":4},"end":{"line":17,"column":6}},"6":{"start":{"line":19,"column":4},"end":{"line":19,"column":57}},"7":{"start":{"line":20,"column":4},"end":{"line":23,"column":6}}},"fnMap":{"0":{"name":"(anonymous_0)","decl":{"start":{"line":3,"column":17},"end":{"line":3,"column":18}},"loc":{"start":{"line":3,"column":47},"end":{"line":25,"column":1}},"line":3}},"branchMap":{},"s":{"0":3,"1":3,"2":1,"3":1,"4":1,"5":1,"6":0,"7":0},"f":{"0":1},"b":{},"_coverageSchema":"1a1c01bbd47fc00a2c39e90264f33305004495a9","hash":"85e293e317ab22ec5d5d9ddf74f8c253006b35a6"}
,"C:\\Projetos\\azure_boards_extensoes\\be-apontamento-horas\\be-apontamento-func\\InsertApontamentoFunction\\index.js": {"path":"C:\\Projetos\\azure_boards_extensoes\\be-apontamento-horas\\be-apontamento-func\\InsertApontamentoFunction\\index.js","statementMap":{"0":{"start":{"line":1,"column":13},"end":{"line":1,"column":36}},"1":{"start":{"line":3,"column":0},"end":{"line":109,"column":2}},"2":{"start":{"line":4,"column":22},"end":{"line":4,"column":30}},"3":{"start":{"line":6,"column":2},"end":{"line":13,"column":3}},"4":{"start":{"line":7,"column":4},"end":{"line":11,"column":6}},"5":{"start":{"line":12,"column":4},"end":{"line":12,"column":11}},"6":{"start":{"line":16,"column":2},"end":{"line":35,"column":3}},"7":{"start":{"line":29,"column":4},"end":{"line":33,"column":6}},"8":{"start":{"line":34,"column":4},"end":{"line":34,"column":11}},"9":{"start":{"line":37,"column":2},"end":{"line":108,"column":3}},"10":{"start":{"line":38,"column":18},"end":{"line":65,"column":5}},"11":{"start":{"line":67,"column":19},"end":{"line":86,"column":5}},"12":{"start":{"line":88,"column":19},"end":{"line":88,"column":50}},"13":{"start":{"line":90,"column":15},"end":{"line":90,"column":32}},"14":{"start":{"line":92,"column":4},"end":{"line":100,"column":6}},"15":{"start":{"line":102,"column":4},"end":{"line":102,"column":58}},"16":{"start":{"line":103,"column":4},"end":{"line":107,"column":6}}},"fnMap":{"0":{"name":"(anonymous_0)","decl":{"start":{"line":3,"column":17},"end":{"line":3,"column":18}},"loc":{"start":{"line":3,"column":47},"end":{"line":109,"column":1}},"line":3}},"branchMap":{"0":{"loc":{"start":{"line":6,"column":2},"end":{"line":13,"column":3}},"type":"if","locations":[{"start":{"line":6,"column":2},"end":{"line":13,"column":3}},{"start":{},"end":{}}],"line":6},"1":{"loc":{"start":{"line":16,"column":2},"end":{"line":35,"column":3}},"type":"if","locations":[{"start":{"line":16,"column":2},"end":{"line":35,"column":3}},{"start":{},"end":{}}],"line":16},"2":{"loc":{"start":{"line":17,"column":4},"end":{"line":27,"column":31}},"type":"binary-expr","locations":[{"start":{"line":17,"column":4},"end":{"line":17,"column":36}},{"start":{"line":18,"column":4},"end":{"line":18,"column":32}},{"start":{"line":19,"column":4},"end":{"line":19,"column":34}},{"start":{"line":20,"column":4},"end":{"line":20,"column":27}},{"start":{"line":21,"column":4},"end":{"line":21,"column":29}},{"start":{"line":22,"column":4},"end":{"line":22,"column":31}},{"start":{"line":23,"column":4},"end":{"line":23,"column":37}},{"start":{"line":24,"column":4},"end":{"line":24,"column":38}},{"start":{"line":25,"column":4},"end":{"line":25,"column":28}},{"start":{"line":26,"column":4},"end":{"line":26,"column":32}},{"start":{"line":27,"column":4},"end":{"line":27,"column":31}}],"line":17},"3":{"loc":{"start":{"line":74,"column":6},"end":{"line":74,"column":42}},"type":"binary-expr","locations":[{"start":{"line":74,"column":6},"end":{"line":74,"column":34}},{"start":{"line":74,"column":38},"end":{"line":74,"column":42}}],"line":74},"4":{"loc":{"start":{"line":75,"column":6},"end":{"line":75,"column":46}},"type":"binary-expr","locations":[{"start":{"line":75,"column":6},"end":{"line":75,"column":38}},{"start":{"line":75,"column":42},"end":{"line":75,"column":46}}],"line":75},"5":{"loc":{"start":{"line":76,"column":6},"end":{"line":76,"column":39}},"type":"binary-expr","locations":[{"start":{"line":76,"column":6},"end":{"line":76,"column":31}},{"start":{"line":76,"column":35},"end":{"line":76,"column":39}}],"line":76},"6":{"loc":{"start":{"line":77,"column":6},"end":{"line":77,"column":42}},"type":"binary-expr","locations":[{"start":{"line":77,"column":6},"end":{"line":77,"column":34}},{"start":{"line":77,"column":38},"end":{"line":77,"column":42}}],"line":77},"7":{"loc":{"start":{"line":78,"column":6},"end":{"line":78,"column":39}},"type":"binary-expr","locations":[{"start":{"line":78,"column":6},"end":{"line":78,"column":31}},{"start":{"line":78,"column":35},"end":{"line":78,"column":39}}],"line":78},"8":{"loc":{"start":{"line":84,"column":6},"end":{"line":84,"column":36}},"type":"binary-expr","locations":[{"start":{"line":84,"column":6},"end":{"line":84,"column":28}},{"start":{"line":84,"column":32},"end":{"line":84,"column":36}}],"line":84}},"s":{"0":3,"1":3,"2":1,"3":1,"4":0,"5":0,"6":1,"7":0,"8":0,"9":1,"10":1,"11":1,"12":1,"13":1,"14":1,"15":0,"16":0},"f":{"0":1},"b":{"0":[0,1],"1":[0,1],"2":[1,1,1,1,1,1,1,1,1,1,1],"3":[1,0],"4":[1,0],"5":[1,0],"6":[1,0],"7":[1,0],"8":[1,0]},"_coverageSchema":"1a1c01bbd47fc00a2c39e90264f33305004495a9","hash":"2daabe317c531f8adc0fa6ee65dd73e4db4c44dc"}
,"C:\\Projetos\\azure_boards_extensoes\\be-apontamento-horas\\be-apontamento-func\\RejeitarApontamentoFunction\\index.js": {"path":"C:\\Projetos\\azure_boards_extensoes\\be-apontamento-horas\\be-apontamento-func\\RejeitarApontamentoFunction\\index.js","statementMap":{"0":{"start":{"line":1,"column":13},"end":{"line":1,"column":36}},"1":{"start":{"line":3,"column":0},"end":{"line":75,"column":2}},"2":{"start":{"line":4,"column":24},"end":{"line":4,"column":46}},"3":{"start":{"line":5,"column":22},"end":{"line":5,"column":42}},"4":{"start":{"line":6,"column":21},"end":{"line":6,"column":46}},"5":{"start":{"line":8,"column":2},"end":{"line":14,"column":3}},"6":{"start":{"line":9,"column":4},"end":{"line":12,"column":6}},"7":{"start":{"line":13,"column":4},"end":{"line":13,"column":11}},"8":{"start":{"line":16,"column":17},"end":{"line":16,"column":37}},"9":{"start":{"line":18,"column":2},"end":{"line":74,"column":3}},"10":{"start":{"line":19,"column":4},"end":{"line":19,"column":32}},"11":{"start":{"line":22,"column":19},"end":{"line":25,"column":5}},"12":{"start":{"line":27,"column":4},"end":{"line":29,"column":5}},"13":{"start":{"line":28,"column":6},"end":{"line":28,"column":52}},"14":{"start":{"line":31,"column":4},"end":{"line":33,"column":5}},"15":{"start":{"line":32,"column":6},"end":{"line":32,"column":71}},"16":{"start":{"line":36,"column":4},"end":{"line":41,"column":6}},"17":{"start":{"line":44,"column":4},"end":{"line":49,"column":6}},"18":{"start":{"line":52,"column":4},"end":{"line":57,"column":6}},"19":{"start":{"line":59,"column":4},"end":{"line":59,"column":33}},"20":{"start":{"line":61,"column":4},"end":{"line":64,"column":6}},"21":{"start":{"line":66,"column":4},"end":{"line":66,"column":35}},"22":{"start":{"line":67,"column":4},"end":{"line":67,"column":68}},"23":{"start":{"line":68,"column":4},"end":{"line":71,"column":6}},"24":{"start":{"line":73,"column":4},"end":{"line":73,"column":21}}},"fnMap":{"0":{"name":"(anonymous_0)","decl":{"start":{"line":3,"column":17},"end":{"line":3,"column":18}},"loc":{"start":{"line":3,"column":47},"end":{"line":75,"column":1}},"line":3}},"branchMap":{"0":{"loc":{"start":{"line":6,"column":21},"end":{"line":6,"column":46}},"type":"binary-expr","locations":[{"start":{"line":6,"column":21},"end":{"line":6,"column":40}},{"start":{"line":6,"column":44},"end":{"line":6,"column":46}}],"line":6},"1":{"loc":{"start":{"line":8,"column":2},"end":{"line":14,"column":3}},"type":"if","locations":[{"start":{"line":8,"column":2},"end":{"line":14,"column":3}},{"start":{},"end":{}}],"line":8},"2":{"loc":{"start":{"line":8,"column":6},"end":{"line":8,"column":36}},"type":"binary-expr","locations":[{"start":{"line":8,"column":6},"end":{"line":8,"column":20}},{"start":{"line":8,"column":24},"end":{"line":8,"column":36}}],"line":8},"3":{"loc":{"start":{"line":27,"column":4},"end":{"line":29,"column":5}},"type":"if","locations":[{"start":{"line":27,"column":4},"end":{"line":29,"column":5}},{"start":{},"end":{}}],"line":27},"4":{"loc":{"start":{"line":31,"column":4},"end":{"line":33,"column":5}},"type":"if","locations":[{"start":{"line":31,"column":4},"end":{"line":33,"column":5}},{"start":{},"end":{}}],"line":31}},"s":{"0":1,"1":1,"2":2,"3":2,"4":2,"5":2,"6":1,"7":1,"8":1,"9":1,"10":1,"11":1,"12":1,"13":1,"14":0,"15":0,"16":0,"17":0,"18":0,"19":0,"20":0,"21":1,"22":1,"23":1,"24":1},"f":{"0":2},"b":{"0":[2,2],"1":[1,1],"2":[2,1],"3":[1,0],"4":[0,0]},"_coverageSchema":"1a1c01bbd47fc00a2c39e90264f33305004495a9","hash":"93723ef8bf680bd43408b7a867a2d2b93ffb7735"}
,"C:\\Projetos\\azure_boards_extensoes\\be-apontamento-horas\\be-apontamento-func\\shared\\db.js": {"path":"C:\\Projetos\\azure_boards_extensoes\\be-apontamento-horas\\be-apontamento-func\\shared\\db.js","statementMap":{"0":{"start":{"line":1,"column":0},"end":{"line":1,"column":27}},"1":{"start":{"line":2,"column":0},"end":{"line":2,"column":58}},"2":{"start":{"line":3,"column":17},"end":{"line":3,"column":30}},"3":{"start":{"line":5,"column":13},"end":{"line":12,"column":2}},"4":{"start":{"line":14,"column":0},"end":{"line":14,"column":22}}},"fnMap":{},"branchMap":{"0":{"loc":{"start":{"line":10,"column":8},"end":{"line":10,"column":35}},"type":"binary-expr","locations":[{"start":{"line":10,"column":8},"end":{"line":10,"column":27}},{"start":{"line":10,"column":31},"end":{"line":10,"column":35}}],"line":10}},"s":{"0":5,"1":5,"2":5,"3":5,"4":5},"f":{},"b":{"0":[5,0]},"_coverageSchema":"1a1c01bbd47fc00a2c39e90264f33305004495a9","hash":"89abf152714aa93fa7d4a8be7629ef2da53c4920"}
}
