TN:
SF:server.js
FN:9,(anonymous_0)
FN:22,(anonymous_1)
FN:35,(anonymous_2)
FNF:3
FNH:3
FNDA:1,(anonymous_0)
FNDA:1,(anonymous_1)
FNDA:1,(anonymous_2)
DA:1,3
DA:2,3
DA:3,3
DA:4,3
DA:6,3
DA:7,3
DA:9,3
DA:10,1
DA:11,1
DA:12,1
DA:13,1
DA:14,0
DA:16,1
DA:22,3
DA:23,1
DA:24,1
DA:25,1
DA:26,1
DA:27,0
DA:29,1
DA:35,3
DA:36,1
DA:37,1
DA:38,1
DA:39,1
DA:40,0
DA:42,1
DA:48,3
LF:28
LH:25
BRDA:12,0,0,0
BRDA:12,0,1,1
BRDA:13,1,0,0
BRDA:13,1,1,1
BRDA:17,2,0,1
BRDA:17,2,1,0
BRDA:25,3,0,0
BRDA:25,3,1,1
BRDA:26,4,0,0
BRDA:26,4,1,1
BRDA:30,5,0,1
BRDA:30,5,1,0
BRDA:38,6,0,0
BRDA:38,6,1,1
BRDA:39,7,0,0
BRDA:39,7,1,1
BRDA:43,8,0,1
BRDA:43,8,1,0
BRF:18
BRH:9
end_of_record
TN:
SF:AprovarApontamentoFunction\index.js
FN:3,(anonymous_0)
FNF:1
FNH:1
FNDA:2,(anonymous_0)
DA:1,1
DA:3,1
DA:4,2
DA:5,2
DA:6,2
DA:8,2
DA:9,1
DA:13,1
DA:16,1
DA:18,1
DA:19,1
DA:21,1
DA:26,1
DA:27,1
DA:30,0
DA:31,0
DA:34,0
DA:41,0
DA:48,0
DA:55,0
DA:57,0
DA:62,1
DA:63,1
DA:64,1
DA:69,1
LF:25
LH:18
BRDA:6,0,0,2
BRDA:6,0,1,2
BRDA:8,1,0,1
BRDA:8,1,1,1
BRDA:8,2,0,2
BRDA:8,2,1,1
BRDA:26,3,0,1
BRDA:26,3,1,0
BRDA:30,4,0,0
BRDA:30,4,1,0
BRF:10
BRH:7
end_of_record
TN:
SF:GetApontamentosFunction\index.js
FN:3,(anonymous_0)
FNF:1
FNH:1
FNDA:1,(anonymous_0)
DA:1,3
DA:3,3
DA:4,1
DA:6,1
DA:7,0
DA:11,0
DA:14,1
DA:15,1
DA:28,1
DA:30,1
DA:36,0
DA:37,0
LF:12
LH:8
BRDA:6,0,0,0
BRDA:6,0,1,1
BRF:2
BRH:1
end_of_record
TN:
SF:GetAtividadesFunction\index.js
FN:3,(anonymous_0)
FNF:1
FNH:1
FNDA:1,(anonymous_0)
DA:1,3
DA:3,3
DA:4,1
DA:5,1
DA:11,1
DA:13,1
DA:19,0
DA:20,0
LF:8
LH:6
BRF:0
BRH:0
end_of_record
TN:
SF:InsertApontamentoFunction\index.js
FN:3,(anonymous_0)
FNF:1
FNH:1
FNDA:1,(anonymous_0)
DA:1,3
DA:3,3
DA:4,1
DA:6,1
DA:7,0
DA:12,0
DA:16,1
DA:29,0
DA:34,0
DA:37,1
DA:38,1
DA:67,1
DA:88,1
DA:90,1
DA:92,1
DA:102,0
DA:103,0
LF:17
LH:11
BRDA:6,0,0,0
BRDA:6,0,1,1
BRDA:16,1,0,0
BRDA:16,1,1,1
BRDA:17,2,0,1
BRDA:17,2,1,1
BRDA:17,2,2,1
BRDA:17,2,3,1
BRDA:17,2,4,1
BRDA:17,2,5,1
BRDA:17,2,6,1
BRDA:17,2,7,1
BRDA:17,2,8,1
BRDA:17,2,9,1
BRDA:17,2,10,1
BRDA:74,3,0,1
BRDA:74,3,1,0
BRDA:75,4,0,1
BRDA:75,4,1,0
BRDA:76,5,0,1
BRDA:76,5,1,0
BRDA:77,6,0,1
BRDA:77,6,1,0
BRDA:78,7,0,1
BRDA:78,7,1,0
BRDA:84,8,0,1
BRDA:84,8,1,0
BRF:27
BRH:19
end_of_record
TN:
SF:RejeitarApontamentoFunction\index.js
FN:3,(anonymous_0)
FNF:1
FNH:1
FNDA:2,(anonymous_0)
DA:1,1
DA:3,1
DA:4,2
DA:5,2
DA:6,2
DA:8,2
DA:9,1
DA:13,1
DA:16,1
DA:18,1
DA:19,1
DA:22,1
DA:27,1
DA:28,1
DA:31,0
DA:32,0
DA:36,0
DA:44,0
DA:52,0
DA:59,0
DA:61,0
DA:66,1
DA:67,1
DA:68,1
DA:73,1
LF:25
LH:18
BRDA:6,0,0,2
BRDA:6,0,1,2
BRDA:8,1,0,1
BRDA:8,1,1,1
BRDA:8,2,0,2
BRDA:8,2,1,1
BRDA:27,3,0,1
BRDA:27,3,1,0
BRDA:31,4,0,0
BRDA:31,4,1,0
BRF:10
BRH:7
end_of_record
TN:
SF:shared\db.js
FNF:0
FNH:0
DA:1,5
DA:2,5
DA:3,5
DA:5,5
DA:14,5
LF:5
LH:5
BRDA:10,0,0,5
BRDA:10,0,1,0
BRF:2
BRH:1
end_of_record
